> Task :compileJava UP-TO-DATE
> Task :processResources UP-TO-DATE
> Task :classes UP-TO-DATE
> Task :resolveMainClassName UP-TO-DATE

> Task :bootRun

  .   ____          _            __ _ _
 /\\ / ___'_ __ _ _(_)_ __  __ _ \ \ \ \
( ( )\___ | '_ | '_| | '_ \/ _` | \ \ \ \
 \\/  ___)| |_)| | | | | || (_| |  ) ) ) )
  '  |____| .__|_| |_|_| |_\__, | / / / /
 =========|_|==============|___/=/_/_/_/

 :: Spring Boot ::                (v3.4.2)

2026-04-11T00:51:14.344+05:30  INFO 13867 --- [voting-web] [           main] com.voting.VotingWebApplication          : Starting VotingWebApplication using Java 21.0.10 with PID 13867 (/Volumes/Sandisk64GB/Mac_Archive/OOPs Project/voting-web/build/classes/java/main started by himadrydey in /Volumes/Sandisk64GB/Mac_Archive/OOPs Project/voting-web)
2026-04-11T00:51:14.344+05:30  INFO 13867 --- [voting-web] [           main] com.voting.VotingWebApplication          : No active profile set, falling back to 1 default profile: "default"
2026-04-11T00:51:14.573+05:30  INFO 13867 --- [voting-web] [           main] o.s.b.w.embedded.tomcat.TomcatWebServer  : Tomcat initialized with port 8080 (http)
2026-04-11T00:51:14.577+05:30  INFO 13867 --- [voting-web] [           main] o.apache.catalina.core.StandardService   : Starting service [Tomcat]
2026-04-11T00:51:14.577+05:30  INFO 13867 --- [voting-web] [           main] o.apache.catalina.core.StandardEngine    : Starting Servlet engine: [Apache Tomcat/10.1.34]
2026-04-11T00:51:14.591+05:30  INFO 13867 --- [voting-web] [           main] o.a.c.c.C.[Tomcat].[localhost].[/]       : Initializing Spring embedded WebApplicationContext
2026-04-11T00:51:14.591+05:30  INFO 13867 --- [voting-web] [           main] w.s.c.ServletWebServerApplicationContext : Root WebApplicationContext: initialization completed in 236 ms
Connecting to Cloud Database...
Connected to Cloud Database successfully!
2026-04-11T00:51:18.585+05:30  INFO 13867 --- [voting-web] [           main] o.s.b.a.w.s.WelcomePageHandlerMapping    : Adding welcome page: class path resource [static/index.html]
2026-04-11T00:51:18.666+05:30  INFO 13867 --- [voting-web] [           main] o.s.b.w.embedded.tomcat.TomcatWebServer  : Tomcat started on port 8080 (http) with context path '/'
2026-04-11T00:51:18.669+05:30  INFO 13867 --- [voting-web] [           main] com.voting.VotingWebApplication          : Started VotingWebApplication in 4.426 seconds (process running for 4.514)
2026-04-11T00:51:20.790+05:30  INFO 13867 --- [voting-web] [nio-8080-exec-1] o.a.c.c.C.[Tomcat].[localhost].[/]       : Initializing Spring DispatcherServlet 'dispatcherServlet'
2026-04-11T00:51:20.790+05:30  INFO 13867 --- [voting-web] [nio-8080-exec-1] o.s.web.servlet.DispatcherServlet        : Initializing Servlet 'dispatcherServlet'
2026-04-11T00:51:20.791+05:30  INFO 13867 --- [voting-web] [nio-8080-exec-1] o.s.web.servlet.DispatcherServlet        : Completed initialization in 1 ms
